<?xml version="1.0" encoding="UTF-8"?>
<coverage generated="1734847415362" clover="3.2.0">
  <project timestamp="1734847415362" name="All files">
    <metrics statements="7" coveredstatements="3" conditionals="9" coveredconditionals="5" methods="2" coveredmethods="1" elements="18" coveredelements="9" complexity="0" loc="7" ncloc="7" packages="1" files="1" classes="1"/>
    <file name="tool.ts" path="/Users/s/workspace/workspace-s/microjs/packages/localstorage/src/tool.ts">
      <metrics statements="7" coveredstatements="3" conditionals="9" coveredconditionals="5" methods="2" coveredmethods="1"/>
      <line num="8" count="18" type="cond" truecount="2" falsecount="0"/>
      <line num="9" count="18" type="stmt"/>
      <line num="10" count="18" type="cond" truecount="2" falsecount="0"/>
      <line num="18" count="0" type="stmt"/>
      <line num="19" count="0" type="cond" truecount="0" falsecount="4"/>
      <line num="20" count="0" type="stmt"/>
      <line num="22" count="0" type="stmt"/>
    </file>
  </project>
</coverage>
