{"/Users/s/workspace/workspace-s/microjs/packages/localstorage/src/tool.ts": {"path":"/Users/s/workspace/workspace-s/microjs/packages/localstorage/src/tool.ts","statementMap":{"0":{"start":{"line":8,"column":20},"end":{"line":8,"column":54}},"1":{"start":{"line":9,"column":17},"end":{"line":9,"column":35}},"2":{"start":{"line":10,"column":2},"end":{"line":10,"column":60}},"3":{"start":{"line":18,"column":2},"end":{"line":23,"column":3}},"4":{"start":{"line":19,"column":4},"end":{"line":19,"column":91}},"5":{"start":{"line":19,"column":78},"end":{"line":19,"column":91}},"6":{"start":{"line":20,"column":4},"end":{"line":20,"column":33}},"7":{"start":{"line":22,"column":4},"end":{"line":22,"column":17}}},"fnMap":{"0":{"name":"getFullKeyStr","decl":{"start":{"line":7,"column":16},"end":{"line":7,"column":29}},"loc":{"start":{"line":7,"column":64},"end":{"line":11,"column":1}},"line":7},"1":{"name":"isSupport","decl":{"start":{"line":17,"column":16},"end":{"line":17,"column":25}},"loc":{"start":{"line":17,"column":28},"end":{"line":24,"column":1}},"line":17}},"branchMap":{"0":{"loc":{"start":{"line":7,"column":43},"end":{"line":7,"column":62}},"type":"default-arg","locations":[{"start":{"line":7,"column":60},"end":{"line":7,"column":62}}],"line":7},"1":{"loc":{"start":{"line":8,"column":27},"end":{"line":8,"column":46}},"type":"binary-expr","locations":[{"start":{"line":8,"column":27},"end":{"line":8,"column":40}},{"start":{"line":8,"column":44},"end":{"line":8,"column":46}}],"line":8},"2":{"loc":{"start":{"line":10,"column":9},"end":{"line":10,"column":59}},"type":"cond-expr","locations":[{"start":{"line":10,"column":21},"end":{"line":10,"column":45}},{"start":{"line":10,"column":48},"end":{"line":10,"column":59}}],"line":10},"3":{"loc":{"start":{"line":19,"column":4},"end":{"line":19,"column":91}},"type":"if","locations":[{"start":{"line":19,"column":4},"end":{"line":19,"column":91}},{"start":{},"end":{}}],"line":19},"4":{"loc":{"start":{"line":19,"column":8},"end":{"line":19,"column":76}},"type":"binary-expr","locations":[{"start":{"line":19,"column":8},"end":{"line":19,"column":37}},{"start":{"line":19,"column":41},"end":{"line":19,"column":76}}],"line":19}},"s":{"0":18,"1":18,"2":18,"3":0,"4":0,"5":0,"6":0,"7":0},"f":{"0":18,"1":0},"b":{"0":[2],"1":[18,8],"2":[8,10],"3":[0,0],"4":[0,0]},"_coverageSchema":"1a1c01bbd47fc00a2c39e90264f33305004495a9","hash":"b607a08908afd42dc7d8cd76362794f434b291f7"}
}
